<?xml version="1.0" encoding="UTF-8"?>
<!-- Generated by org.testng.reporters.JUnitReportReporter -->
<testsuite skipped="0" hostname="LAPTOP-QNJRRTQS" name="TestEmployeeDetails" tests="2" failures="0" timestamp="2022-04-18T16:49:36 AST" time="0.016" errors="0">
  <testcase name="testCalculateAppriasal" time="0.016" classname="TestEmployeeDetails"/>
  <system-out/>
  <testcase name="testCalculateYearlySalary" time="0.000" classname="TestEmployeeDetails"/>
  <system-out/>
</testsuite> <!-- TestEmployeeDetails -->
